<?xml version="1.0" encoding="utf-8"?>
<coverage line-rate="0.8518000000000001" branch-rate="1" version="1.9" timestamp="1589683540" lines-covered="276" lines-valid="324" branches-covered="20" branches-valid="20">
  <sources>
    <source>C:\Users\Matebook\source\repos\MarsRover\MarsRover\</source>
  </sources>
  <packages>
    <package name="MarsRover" line-rate="0.8518000000000001" branch-rate="1" complexity="93">
      <classes>
        <class name="MarsRover.CommandManager" filename="CommandManager.cs" line-rate="1" branch-rate="1" complexity="3">
          <methods>
            <method name="Execute" signature="(System.String)" line-rate="1" branch-rate="1">
              <lines>
                <line number="31" hits="1" branch="False" />
                <line number="32" hits="1" branch="False" />
                <line number="33" hits="1" branch="False" />
                <line number="34" hits="1" branch="False" />
                <line number="35" hits="1" branch="False" />
              </lines>
            </method>
            <method name="GetOutput" signature="()" line-rate="1" branch-rate="1">
              <lines>
                <line number="38" hits="1" branch="False" />
                <line number="39" hits="1" branch="False" />
                <line number="40" hits="1" branch="False" />
              </lines>
            </method>
            <method name=".ctor" signature="(MarsRover.Domain.IPlateu,MarsRover.Command.ICommandMapper,MarsRover.Command.ICommandInvoker,MarsRover.IOutputGenerator)" line-rate="1" branch-rate="1">
              <lines>
                <line number="19" hits="4" branch="False" />
                <line number="20" hits="4" branch="False" />
                <line number="21" hits="4" branch="False" />
                <line number="22" hits="4" branch="False" />
                <line number="23" hits="4" branch="False" />
                <line number="24" hits="4" branch="False" />
                <line number="25" hits="4" branch="False" />
                <line number="26" hits="4" branch="False" />
                <line number="27" hits="4" branch="False" />
                <line number="28" hits="4" branch="False" />
              </lines>
            </method>
          </methods>
          <lines>
            <line number="31" hits="1" branch="False" />
            <line number="32" hits="1" branch="False" />
            <line number="33" hits="1" branch="False" />
            <line number="34" hits="1" branch="False" />
            <line number="35" hits="1" branch="False" />
            <line number="38" hits="1" branch="False" />
            <line number="39" hits="1" branch="False" />
            <line number="40" hits="1" branch="False" />
            <line number="19" hits="4" branch="False" />
            <line number="20" hits="4" branch="False" />
            <line number="21" hits="4" branch="False" />
            <line number="22" hits="4" branch="False" />
            <line number="23" hits="4" branch="False" />
            <line number="24" hits="4" branch="False" />
            <line number="25" hits="4" branch="False" />
            <line number="26" hits="4" branch="False" />
            <line number="27" hits="4" branch="False" />
            <line number="28" hits="4" branch="False" />
          </lines>
        </class>
        <class name="MarsRover.OutputGenerator" filename="OutputGenerator.cs" line-rate="1" branch-rate="1" complexity="5">
          <methods>
            <method name="GetOutput" signature="(System.Collections.Generic.IEnumerable`1&lt;MarsRover.Domain.IRover&gt;)" line-rate="1" branch-rate="1">
              <lines>
                <line number="23" hits="5" branch="False" />
                <line number="24" hits="5" branch="False" />
                <line number="25" hits="23" branch="True" condition-coverage="100% (2/2)">
                  <conditions>
                    <condition number="148" type="jump" coverage="100%" />
                  </conditions>
                </line>
                <line number="26" hits="4" branch="False" />
                <line number="27" hits="4" branch="True" condition-coverage="100% (2/2)">
                  <conditions>
                    <condition number="33" type="jump" coverage="100%" />
                  </conditions>
                </line>
                <line number="28" hits="3" branch="False" />
                <line number="29" hits="3" branch="False" />
                <line number="30" hits="3" branch="False" />
                <line number="31" hits="3" branch="False" />
                <line number="32" hits="3" branch="False" />
                <line number="33" hits="3" branch="False" />
                <line number="34" hits="3" branch="False" />
                <line number="36" hits="1" branch="False" />
                <line number="37" hits="4" branch="False" />
                <line number="38" hits="5" branch="False" />
                <line number="39" hits="5" branch="False" />
              </lines>
            </method>
            <method name=".ctor" signature="()" line-rate="1" branch-rate="1">
              <lines>
                <line number="12" hits="5" branch="False" />
                <line number="13" hits="5" branch="False" />
                <line number="14" hits="5" branch="False" />
                <line number="15" hits="5" branch="False" />
                <line number="16" hits="5" branch="False" />
                <line number="17" hits="5" branch="False" />
                <line number="18" hits="5" branch="False" />
                <line number="19" hits="5" branch="False" />
                <line number="20" hits="5" branch="False" />
                <line number="21" hits="5" branch="False" />
              </lines>
            </method>
          </methods>
          <lines>
            <line number="23" hits="5" branch="False" />
            <line number="24" hits="5" branch="False" />
            <line number="25" hits="23" branch="True" condition-coverage="100% (2/2)">
              <conditions>
                <condition number="148" type="jump" coverage="100%" />
              </conditions>
            </line>
            <line number="26" hits="4" branch="False" />
            <line number="27" hits="4" branch="True" condition-coverage="100% (2/2)">
              <conditions>
                <condition number="33" type="jump" coverage="100%" />
              </conditions>
            </line>
            <line number="28" hits="3" branch="False" />
            <line number="29" hits="3" branch="False" />
            <line number="30" hits="3" branch="False" />
            <line number="31" hits="3" branch="False" />
            <line number="32" hits="3" branch="False" />
            <line number="33" hits="3" branch="False" />
            <line number="34" hits="3" branch="False" />
            <line number="36" hits="1" branch="False" />
            <line number="37" hits="4" branch="False" />
            <line number="38" hits="5" branch="False" />
            <line number="39" hits="5" branch="False" />
            <line number="12" hits="5" branch="False" />
            <line number="13" hits="5" branch="False" />
            <line number="14" hits="5" branch="False" />
            <line number="15" hits="5" branch="False" />
            <line number="16" hits="5" branch="False" />
            <line number="17" hits="5" branch="False" />
            <line number="18" hits="5" branch="False" />
            <line number="19" hits="5" branch="False" />
            <line number="20" hits="5" branch="False" />
            <line number="21" hits="5" branch="False" />
          </lines>
        </class>
        <class name="MarsRover.Program" filename="Program.cs" line-rate="0" branch-rate="1" complexity="4">
          <methods>
            <method name="Main" signature="(System.String[])" line-rate="0" branch-rate="1">
              <lines>
                <line number="13" hits="0" branch="False" />
                <line number="14" hits="0" branch="False" />
                <line number="15" hits="0" branch="False" />
                <line number="17" hits="0" branch="False" />
                <line number="18" hits="0" branch="False" />
                <line number="19" hits="0" branch="False" />
                <line number="20" hits="0" branch="False" />
                <line number="21" hits="0" branch="False" />
                <line number="22" hits="0" branch="False" />
                <line number="23" hits="0" branch="False" />
                <line number="24" hits="0" branch="False" />
              </lines>
            </method>
            <method name="createContainerBuilder" signature="()" line-rate="0" branch-rate="1">
              <lines>
                <line number="26" hits="0" branch="False" />
                <line number="27" hits="0" branch="False" />
                <line number="29" hits="0" branch="False" />
                <line number="30" hits="0" branch="False" />
                <line number="31" hits="0" branch="False" />
                <line number="33" hits="0" branch="False" />
                <line number="34" hits="0" branch="False" />
              </lines>
            </method>
            <method name="displayToConsole" signature="(System.String,System.String)" line-rate="0" branch-rate="1">
              <lines>
                <line number="37" hits="0" branch="False" />
                <line number="38" hits="0" branch="False" />
                <line number="39" hits="0" branch="False" />
                <line number="40" hits="0" branch="False" />
                <line number="41" hits="0" branch="False" />
                <line number="42" hits="0" branch="False" />
                <line number="43" hits="0" branch="False" />
                <line number="44" hits="0" branch="False" />
                <line number="45" hits="0" branch="False" />
                <line number="46" hits="0" branch="False" />
              </lines>
            </method>
            <method name="buildCommandString" signature="()" line-rate="0" branch-rate="1">
              <lines>
                <line number="49" hits="0" branch="False" />
                <line number="50" hits="0" branch="False" />
                <line number="51" hits="0" branch="False" />
                <line number="52" hits="0" branch="False" />
                <line number="53" hits="0" branch="False" />
                <line number="54" hits="0" branch="False" />
                <line number="55" hits="0" branch="False" />
                <line number="56" hits="0" branch="False" />
                <line number="57" hits="0" branch="False" />
              </lines>
            </method>
          </methods>
          <lines>
            <line number="13" hits="0" branch="False" />
            <line number="14" hits="0" branch="False" />
            <line number="15" hits="0" branch="False" />
            <line number="17" hits="0" branch="False" />
            <line number="18" hits="0" branch="False" />
            <line number="19" hits="0" branch="False" />
            <line number="20" hits="0" branch="False" />
            <line number="21" hits="0" branch="False" />
            <line number="22" hits="0" branch="False" />
            <line number="23" hits="0" branch="False" />
            <line number="24" hits="0" branch="False" />
            <line number="26" hits="0" branch="False" />
            <line number="27" hits="0" branch="False" />
            <line number="29" hits="0" branch="False" />
            <line number="30" hits="0" branch="False" />
            <line number="31" hits="0" branch="False" />
            <line number="33" hits="0" branch="False" />
            <line number="34" hits="0" branch="False" />
            <line number="37" hits="0" branch="False" />
            <line number="38" hits="0" branch="False" />
            <line number="39" hits="0" branch="False" />
            <line number="40" hits="0" branch="False" />
            <line number="41" hits="0" branch="False" />
            <line number="42" hits="0" branch="False" />
            <line number="43" hits="0" branch="False" />
            <line number="44" hits="0" branch="False" />
            <line number="45" hits="0" branch="False" />
            <line number="46" hits="0" branch="False" />
            <line number="49" hits="0" branch="False" />
            <line number="50" hits="0" branch="False" />
            <line number="51" hits="0" branch="False" />
            <line number="52" hits="0" branch="False" />
            <line number="53" hits="0" branch="False" />
            <line number="54" hits="0" branch="False" />
            <line number="55" hits="0" branch="False" />
            <line number="56" hits="0" branch="False" />
            <line number="57" hits="0" branch="False" />
          </lines>
        </class>
        <class name="MarsRover.Validator.LocationValidator" filename="Validator\LocationValidator.cs" line-rate="1" branch-rate="1" complexity="4">
          <methods>
            <method name="Validate" signature="(MarsRover.Domain.Location,MarsRover.Domain.IPlateu)" line-rate="1" branch-rate="1">
              <lines>
                <line number="12" hits="7" branch="False" />
                <line number="13" hits="7" branch="True" condition-coverage="100% (2/2)">
                  <conditions>
                    <condition number="8" type="jump" coverage="100%" />
                  </conditions>
                </line>
                <line number="14" hits="7" branch="True" condition-coverage="100% (2/2)">
                  <conditions>
                    <condition number="43" type="jump" coverage="100%" />
                  </conditions>
                </line>
                <line number="15" hits="7" branch="False" />
                <line number="16" hits="7" branch="False" />
              </lines>
            </method>
          </methods>
          <lines>
            <line number="12" hits="7" branch="False" />
            <line number="13" hits="7" branch="True" condition-coverage="100% (2/2)">
              <conditions>
                <condition number="8" type="jump" coverage="100%" />
              </conditions>
            </line>
            <line number="14" hits="7" branch="True" condition-coverage="100% (2/2)">
              <conditions>
                <condition number="43" type="jump" coverage="100%" />
              </conditions>
            </line>
            <line number="15" hits="7" branch="False" />
            <line number="16" hits="7" branch="False" />
          </lines>
        </class>
        <class name="MarsRover.Factory.CommandFactory" filename="Factory\CommandFactory.cs" line-rate="1" branch-rate="1" complexity="4">
          <methods>
            <method name="CreateLandingCommand" signature="(MarsRover.Domain.Location,MarsRover.Domain.Direction)" line-rate="1" branch-rate="1">
              <lines>
                <line number="18" hits="1" branch="False" />
                <line number="19" hits="1" branch="False" />
                <line number="20" hits="1" branch="False" />
              </lines>
            </method>
            <method name="CreateMovementCommand" signature="(System.Collections.Generic.IList`1&lt;MarsRover.Domain.Movement&gt;)" line-rate="1" branch-rate="1">
              <lines>
                <line number="23" hits="1" branch="False" />
                <line number="24" hits="1" branch="False" />
                <line number="25" hits="1" branch="False" />
              </lines>
            </method>
            <method name="CreateSetPlateuSizeCommand" signature="(MarsRover.Domain.Size)" line-rate="1" branch-rate="1">
              <lines>
                <line number="28" hits="1" branch="False" />
                <line number="29" hits="1" branch="False" />
                <line number="30" hits="1" branch="False" />
              </lines>
            </method>
            <method name=".ctor" signature="(MarsRover.Validator.ILocationValidator)" line-rate="1" branch-rate="1">
              <lines>
                <line number="13" hits="3" branch="False" />
                <line number="14" hits="3" branch="False" />
                <line number="15" hits="3" branch="False" />
                <line number="16" hits="3" branch="False" />
              </lines>
            </method>
          </methods>
          <lines>
            <line number="18" hits="1" branch="False" />
            <line number="19" hits="1" branch="False" />
            <line number="20" hits="1" branch="False" />
            <line number="23" hits="1" branch="False" />
            <line number="24" hits="1" branch="False" />
            <line number="25" hits="1" branch="False" />
            <line number="28" hits="1" branch="False" />
            <line number="29" hits="1" branch="False" />
            <line number="30" hits="1" branch="False" />
            <line number="13" hits="3" branch="False" />
            <line number="14" hits="3" branch="False" />
            <line number="15" hits="3" branch="False" />
            <line number="16" hits="3" branch="False" />
          </lines>
        </class>
        <class name="MarsRover.Factory.RoverFactory" filename="Factory\RoverFactory.cs" line-rate="1" branch-rate="1" complexity="2">
          <methods>
            <method name="CreateRover" signature="()" line-rate="1" branch-rate="1">
              <lines>
                <line number="17" hits="1" branch="False" />
                <line number="18" hits="1" branch="False" />
                <line number="19" hits="1" branch="False" />
              </lines>
            </method>
            <method name=".ctor" signature="(MarsRover.Factory.IValidatorFactory)" line-rate="1" branch-rate="1">
              <lines>
                <line number="12" hits="1" branch="False" />
                <line number="13" hits="1" branch="False" />
                <line number="14" hits="1" branch="False" />
                <line number="15" hits="1" branch="False" />
              </lines>
            </method>
          </methods>
          <lines>
            <line number="17" hits="1" branch="False" />
            <line number="18" hits="1" branch="False" />
            <line number="19" hits="1" branch="False" />
            <line number="12" hits="1" branch="False" />
            <line number="13" hits="1" branch="False" />
            <line number="14" hits="1" branch="False" />
            <line number="15" hits="1" branch="False" />
          </lines>
        </class>
        <class name="MarsRover.Factory.ValidatorFactory" filename="Factory\ValidatorFactory.cs" line-rate="1" branch-rate="1" complexity="1">
          <methods>
            <method name="CreateLocationValidator" signature="()" line-rate="1" branch-rate="1">
              <lines>
                <line number="12" hits="1" branch="False" />
                <line number="13" hits="1" branch="False" />
                <line number="14" hits="1" branch="False" />
              </lines>
            </method>
          </methods>
          <lines>
            <line number="12" hits="1" branch="False" />
            <line number="13" hits="1" branch="False" />
            <line number="14" hits="1" branch="False" />
          </lines>
        </class>
        <class name="MarsRover.Exception.InvalidCommandException" filename="Exception\InvalidCommandException.cs" line-rate="0" branch-rate="1" complexity="1">
          <methods>
            <method name="get_Message" signature="()" line-rate="0" branch-rate="1">
              <lines>
                <line number="10" hits="0" branch="False" />
              </lines>
            </method>
          </methods>
          <lines>
            <line number="10" hits="0" branch="False" />
          </lines>
        </class>
        <class name="MarsRover.Exception.OutOfBoundaryLandingException" filename="Exception\OutOfBoundaryLandingException.cs" line-rate="0" branch-rate="1" complexity="1">
          <methods>
            <method name="get_Message" signature="()" line-rate="0" branch-rate="1">
              <lines>
                <line number="10" hits="0" branch="False" />
              </lines>
            </method>
          </methods>
          <lines>
            <line number="10" hits="0" branch="False" />
          </lines>
        </class>
        <class name="MarsRover.Exception.OutOfBoundaryMovementException" filename="Exception\OutOfBoundaryMovementException.cs" line-rate="0" branch-rate="1" complexity="1">
          <methods>
            <method name="get_Message" signature="()" line-rate="0" branch-rate="1">
              <lines>
                <line number="10" hits="0" branch="False" />
              </lines>
            </method>
          </methods>
          <lines>
            <line number="10" hits="0" branch="False" />
          </lines>
        </class>
        <class name="MarsRover.Domain.Location" filename="Domain\Location.cs" line-rate="1" branch-rate="1" complexity="3">
          <methods>
            <method name="get_X" signature="()" line-rate="1" branch-rate="1">
              <lines>
                <line number="10" hits="128" branch="False" />
              </lines>
            </method>
            <method name="get_Y" signature="()" line-rate="1" branch-rate="1">
              <lines>
                <line number="12" hits="128" branch="False" />
              </lines>
            </method>
            <method name=".ctor" signature="(System.Int32,System.Int32)" line-rate="1" branch-rate="1">
              <lines>
                <line number="14" hits="54" branch="False" />
                <line number="15" hits="54" branch="False" />
                <line number="16" hits="54" branch="False" />
                <line number="17" hits="54" branch="False" />
                <line number="18" hits="54" branch="False" />
              </lines>
            </method>
          </methods>
          <lines>
            <line number="10" hits="128" branch="False" />
            <line number="12" hits="128" branch="False" />
            <line number="14" hits="54" branch="False" />
            <line number="15" hits="54" branch="False" />
            <line number="16" hits="54" branch="False" />
            <line number="17" hits="54" branch="False" />
            <line number="18" hits="54" branch="False" />
          </lines>
        </class>
        <class name="MarsRover.Domain.Plateu" filename="Domain\Plateu.cs" line-rate="0" branch-rate="1" complexity="1">
          <methods>
            <method name="get_Size" signature="()" line-rate="0" branch-rate="1">
              <lines>
                <line number="10" hits="0" branch="False" />
              </lines>
            </method>
          </methods>
          <lines>
            <line number="10" hits="0" branch="False" />
          </lines>
        </class>
        <class name="MarsRover.Domain.Rover" filename="Domain\Rover.cs" line-rate="0.9298000000000001" branch-rate="1" complexity="28">
          <methods>
            <method name="get_Location" signature="()" line-rate="1" branch-rate="1">
              <lines>
                <line number="11" hits="59" branch="False" />
              </lines>
            </method>
            <method name="get_Direction" signature="()" line-rate="1" branch-rate="1">
              <lines>
                <line number="14" hits="54" branch="False" />
              </lines>
            </method>
            <method name="get_Plateu" signature="()" line-rate="1" branch-rate="1">
              <lines>
                <line number="16" hits="42" branch="False" />
              </lines>
            </method>
            <method name="Land" signature="(MarsRover.Domain.IPlateu,MarsRover.Domain.Location,MarsRover.Domain.Direction)" line-rate="1" branch-rate="1">
              <lines>
                <line number="65" hits="10" branch="False" />
                <line number="66" hits="10" branch="True" condition-coverage="100% (2/2)">
                  <conditions>
                    <condition number="16" type="jump" coverage="100%" />
                  </conditions>
                </line>
                <line number="67" hits="9" branch="False" />
                <line number="68" hits="9" branch="False" />
                <line number="69" hits="9" branch="False" />
                <line number="70" hits="9" branch="False" />
                <line number="71" hits="9" branch="False" />
                <line number="72" hits="9" branch="False" />
                <line number="74" hits="1" branch="False" />
                <line number="75" hits="9" branch="False" />
              </lines>
            </method>
            <method name="Move" signature="(System.Collections.Generic.IEnumerable`1&lt;MarsRover.Domain.Movement&gt;)" line-rate="1" branch-rate="1">
              <lines>
                <line number="78" hits="5" branch="False" />
                <line number="79" hits="36" branch="True" condition-coverage="100% (2/2)">
                  <conditions>
                    <condition number="100" type="jump" coverage="100%" />
                  </conditions>
                </line>
                <line number="80" hits="11" branch="False" />
                <line number="81" hits="11" branch="False" />
                <line number="83" hits="11" branch="True" condition-coverage="100% (2/2)">
                  <conditions>
                    <condition number="43" type="jump" coverage="100%" />
                  </conditions>
                </line>
                <line number="84" hits="7" branch="True" condition-coverage="100% (2/2)">
                  <conditions>
                    <condition number="70" type="jump" coverage="100%" />
                  </conditions>
                </line>
                <line number="85" hits="6" branch="False" />
                <line number="87" hits="1" branch="False" />
                <line number="89" hits="10" branch="False" />
                <line number="90" hits="4" branch="False" />
              </lines>
            </method>
            <method name="IsLanded" signature="()" line-rate="1" branch-rate="1">
              <lines>
                <line number="93" hits="2" branch="False" />
                <line number="94" hits="2" branch="False" />
                <line number="95" hits="2" branch="False" />
              </lines>
            </method>
            <method name="&lt;.ctor&gt;b__19_0" signature="()" line-rate="1" branch-rate="1">
              <lines>
                <line number="31" hits="15" branch="False" />
              </lines>
            </method>
            <method name="&lt;.ctor&gt;b__19_1" signature="()" line-rate="1" branch-rate="1">
              <lines>
                <line number="32" hits="15" branch="False" />
              </lines>
            </method>
            <method name="&lt;.ctor&gt;b__19_2" signature="()" line-rate="1" branch-rate="1">
              <lines>
                <line number="33" hits="20" branch="False" />
              </lines>
            </method>
            <method name="&lt;.ctor&gt;b__19_3" signature="()" line-rate="0" branch-rate="1">
              <lines>
                <line number="38" hits="0" branch="False" />
              </lines>
            </method>
            <method name="&lt;.ctor&gt;b__19_4" signature="()" line-rate="0" branch-rate="1">
              <lines>
                <line number="39" hits="0" branch="False" />
              </lines>
            </method>
            <method name="&lt;.ctor&gt;b__19_5" signature="()" line-rate="1" branch-rate="1">
              <lines>
                <line number="40" hits="14" branch="False" />
              </lines>
            </method>
            <method name="&lt;.ctor&gt;b__19_6" signature="()" line-rate="1" branch-rate="1">
              <lines>
                <line number="41" hits="14" branch="False" />
              </lines>
            </method>
            <method name="&lt;.ctor&gt;b__19_7" signature="()" line-rate="0" branch-rate="1">
              <lines>
                <line number="46" hits="0" branch="False" />
              </lines>
            </method>
            <method name="&lt;.ctor&gt;b__19_8" signature="()" line-rate="1" branch-rate="1">
              <lines>
                <line number="47" hits="14" branch="False" />
              </lines>
            </method>
            <method name="&lt;.ctor&gt;b__19_9" signature="()" line-rate="1" branch-rate="1">
              <lines>
                <line number="48" hits="14" branch="False" />
              </lines>
            </method>
            <method name="&lt;.ctor&gt;b__19_10" signature="()" line-rate="0" branch-rate="1">
              <lines>
                <line number="49" hits="0" branch="False" />
              </lines>
            </method>
            <method name="&lt;.ctor&gt;b__19_11" signature="()" line-rate="1" branch-rate="1">
              <lines>
                <line number="54" hits="19" branch="False" />
              </lines>
            </method>
            <method name="&lt;.ctor&gt;b__19_12" signature="()" line-rate="1" branch-rate="1">
              <lines>
                <line number="55" hits="16" branch="False" />
              </lines>
            </method>
            <method name="&lt;.ctor&gt;b__19_13" signature="()" line-rate="1" branch-rate="1">
              <lines>
                <line number="56" hits="22" branch="False" />
              </lines>
            </method>
            <method name="&lt;.ctor&gt;b__19_14" signature="()" line-rate="1" branch-rate="1">
              <lines>
                <line number="57" hits="16" branch="False" />
              </lines>
            </method>
            <method name=".ctor" signature="(MarsRover.Validator.ILocationValidator)" line-rate="1" branch-rate="1">
              <lines>
                <line number="26" hits="13" branch="False" />
                <line number="27" hits="13" branch="False" />
                <line number="28" hits="13" branch="False" />
                <line number="29" hits="13" branch="False" />
                <line number="30" hits="13" branch="False" />
                <line number="34" hits="13" branch="False" />
                <line number="36" hits="13" branch="False" />
                <line number="37" hits="13" branch="False" />
                <line number="42" hits="13" branch="False" />
                <line number="44" hits="13" branch="False" />
                <line number="45" hits="13" branch="False" />
                <line number="50" hits="13" branch="False" />
                <line number="52" hits="13" branch="False" />
                <line number="53" hits="13" branch="False" />
                <line number="58" hits="13" branch="False" />
                <line number="59" hits="13" branch="False" />
              </lines>
            </method>
          </methods>
          <lines>
            <line number="11" hits="59" branch="False" />
            <line number="14" hits="54" branch="False" />
            <line number="16" hits="42" branch="False" />
            <line number="65" hits="10" branch="False" />
            <line number="66" hits="10" branch="True" condition-coverage="100% (2/2)">
              <conditions>
                <condition number="16" type="jump" coverage="100%" />
              </conditions>
            </line>
            <line number="67" hits="9" branch="False" />
            <line number="68" hits="9" branch="False" />
            <line number="69" hits="9" branch="False" />
            <line number="70" hits="9" branch="False" />
            <line number="71" hits="9" branch="False" />
            <line number="72" hits="9" branch="False" />
            <line number="74" hits="1" branch="False" />
            <line number="75" hits="9" branch="False" />
            <line number="78" hits="5" branch="False" />
            <line number="79" hits="36" branch="True" condition-coverage="100% (2/2)">
              <conditions>
                <condition number="100" type="jump" coverage="100%" />
              </conditions>
            </line>
            <line number="80" hits="11" branch="False" />
            <line number="81" hits="11" branch="False" />
            <line number="83" hits="11" branch="True" condition-coverage="100% (2/2)">
              <conditions>
                <condition number="43" type="jump" coverage="100%" />
              </conditions>
            </line>
            <line number="84" hits="7" branch="True" condition-coverage="100% (2/2)">
              <conditions>
                <condition number="70" type="jump" coverage="100%" />
              </conditions>
            </line>
            <line number="85" hits="6" branch="False" />
            <line number="87" hits="1" branch="False" />
            <line number="89" hits="10" branch="False" />
            <line number="90" hits="4" branch="False" />
            <line number="93" hits="2" branch="False" />
            <line number="94" hits="2" branch="False" />
            <line number="95" hits="2" branch="False" />
            <line number="31" hits="15" branch="False" />
            <line number="32" hits="15" branch="False" />
            <line number="33" hits="20" branch="False" />
            <line number="38" hits="0" branch="False" />
            <line number="39" hits="0" branch="False" />
            <line number="40" hits="14" branch="False" />
            <line number="41" hits="14" branch="False" />
            <line number="46" hits="0" branch="False" />
            <line number="47" hits="14" branch="False" />
            <line number="48" hits="14" branch="False" />
            <line number="49" hits="0" branch="False" />
            <line number="54" hits="19" branch="False" />
            <line number="55" hits="16" branch="False" />
            <line number="56" hits="22" branch="False" />
            <line number="57" hits="16" branch="False" />
            <line number="26" hits="13" branch="False" />
            <line number="27" hits="13" branch="False" />
            <line number="28" hits="13" branch="False" />
            <line number="29" hits="13" branch="False" />
            <line number="30" hits="13" branch="False" />
            <line number="34" hits="13" branch="False" />
            <line number="36" hits="13" branch="False" />
            <line number="37" hits="13" branch="False" />
            <line number="42" hits="13" branch="False" />
            <line number="44" hits="13" branch="False" />
            <line number="45" hits="13" branch="False" />
            <line number="50" hits="13" branch="False" />
            <line number="52" hits="13" branch="False" />
            <line number="53" hits="13" branch="False" />
            <line number="58" hits="13" branch="False" />
            <line number="59" hits="13" branch="False" />
          </lines>
        </class>
        <class name="MarsRover.Command.CommandInvoker" filename="Command\CommandInvoker.cs" line-rate="1" branch-rate="1" complexity="10">
          <methods>
            <method name="SetPlateu" signature="(MarsRover.Domain.IPlateu)" line-rate="1" branch-rate="1">
              <lines>
                <line number="32" hits="2" branch="False" />
                <line number="33" hits="2" branch="False" />
                <line number="34" hits="2" branch="False" />
              </lines>
            </method>
            <method name="SetRovers" signature="(System.Collections.Generic.IList`1&lt;MarsRover.Domain.IRover&gt;)" line-rate="1" branch-rate="1">
              <lines>
                <line number="37" hits="3" branch="False" />
                <line number="38" hits="3" branch="False" />
                <line number="39" hits="3" branch="False" />
              </lines>
            </method>
            <method name="SetCommands" signature="(System.Collections.Generic.IEnumerable`1&lt;MarsRover.Command.ICommand&gt;)" line-rate="1" branch-rate="1">
              <lines>
                <line number="42" hits="5" branch="False" />
                <line number="43" hits="5" branch="False" />
                <line number="44" hits="5" branch="False" />
              </lines>
            </method>
            <method name="InvokeCommands" signature="()" line-rate="1" branch-rate="1">
              <lines>
                <line number="47" hits="4" branch="False" />
                <line number="48" hits="24" branch="True" condition-coverage="100% (2/2)">
                  <conditions>
                    <condition number="46" type="jump" coverage="100%" />
                  </conditions>
                </line>
                <line number="49" hits="6" branch="False" />
                <line number="50" hits="6" branch="False" />
                <line number="51" hits="6" branch="False" />
                <line number="52" hits="6" branch="False" />
                <line number="53" hits="4" branch="False" />
              </lines>
            </method>
            <method name="SetReceivers" signature="(MarsRover.Command.ICommand)" line-rate="1" branch-rate="1">
              <lines>
                <line number="56" hits="6" branch="False" />
                <line number="57" hits="6" branch="False" />
                <line number="58" hits="6" branch="False" />
              </lines>
            </method>
            <method name="SetReceiversOnSetPletauSizeCommand" signature="(MarsRover.Command.ICommand)" line-rate="1" branch-rate="1">
              <lines>
                <line number="61" hits="4" branch="False" />
                <line number="62" hits="4" branch="False" />
                <line number="63" hits="4" branch="False" />
                <line number="64" hits="4" branch="False" />
              </lines>
            </method>
            <method name="SetReceiversOnLandingCommand" signature="(MarsRover.Command.ICommand)" line-rate="1" branch-rate="1">
              <lines>
                <line number="67" hits="1" branch="False" />
                <line number="68" hits="1" branch="False" />
                <line number="69" hits="1" branch="False" />
                <line number="70" hits="1" branch="False" />
                <line number="71" hits="1" branch="False" />
                <line number="72" hits="1" branch="False" />
              </lines>
            </method>
            <method name="SetReceiversOnMovementCommand" signature="(MarsRover.Command.ICommand)" line-rate="1" branch-rate="1">
              <lines>
                <line number="75" hits="1" branch="False" />
                <line number="76" hits="1" branch="False" />
                <line number="77" hits="1" branch="False" />
                <line number="78" hits="1" branch="False" />
                <line number="79" hits="1" branch="False" />
              </lines>
            </method>
            <method name=".ctor" signature="(MarsRover.Factory.IRoverFactory)" line-rate="1" branch-rate="1">
              <lines>
                <line number="21" hits="14" branch="False" />
                <line number="22" hits="7" branch="False" />
                <line number="23" hits="7" branch="False" />
                <line number="24" hits="7" branch="False" />
                <line number="25" hits="7" branch="False" />
                <line number="26" hits="7" branch="False" />
                <line number="27" hits="7" branch="False" />
                <line number="28" hits="7" branch="False" />
                <line number="29" hits="7" branch="False" />
              </lines>
            </method>
          </methods>
          <lines>
            <line number="32" hits="2" branch="False" />
            <line number="33" hits="2" branch="False" />
            <line number="34" hits="2" branch="False" />
            <line number="37" hits="3" branch="False" />
            <line number="38" hits="3" branch="False" />
            <line number="39" hits="3" branch="False" />
            <line number="42" hits="5" branch="False" />
            <line number="43" hits="5" branch="False" />
            <line number="44" hits="5" branch="False" />
            <line number="47" hits="4" branch="False" />
            <line number="48" hits="24" branch="True" condition-coverage="100% (2/2)">
              <conditions>
                <condition number="46" type="jump" coverage="100%" />
              </conditions>
            </line>
            <line number="49" hits="6" branch="False" />
            <line number="50" hits="6" branch="False" />
            <line number="51" hits="6" branch="False" />
            <line number="52" hits="6" branch="False" />
            <line number="53" hits="4" branch="False" />
            <line number="56" hits="6" branch="False" />
            <line number="57" hits="6" branch="False" />
            <line number="58" hits="6" branch="False" />
            <line number="61" hits="4" branch="False" />
            <line number="62" hits="4" branch="False" />
            <line number="63" hits="4" branch="False" />
            <line number="64" hits="4" branch="False" />
            <line number="67" hits="1" branch="False" />
            <line number="68" hits="1" branch="False" />
            <line number="69" hits="1" branch="False" />
            <line number="70" hits="1" branch="False" />
            <line number="71" hits="1" branch="False" />
            <line number="72" hits="1" branch="False" />
            <line number="75" hits="1" branch="False" />
            <line number="76" hits="1" branch="False" />
            <line number="77" hits="1" branch="False" />
            <line number="78" hits="1" branch="False" />
            <line number="79" hits="1" branch="False" />
            <line number="21" hits="14" branch="False" />
            <line number="22" hits="7" branch="False" />
            <line number="23" hits="7" branch="False" />
            <line number="24" hits="7" branch="False" />
            <line number="25" hits="7" branch="False" />
            <line number="26" hits="7" branch="False" />
            <line number="27" hits="7" branch="False" />
            <line number="28" hits="7" branch="False" />
            <line number="29" hits="7" branch="False" />
          </lines>
        </class>
        <class name="MarsRover.Command.CommandMapper" filename="Command\CommandMapper.cs" line-rate="1" branch-rate="1" complexity="5">
          <methods>
            <method name="Map" signature="(System.String)" line-rate="1" branch-rate="1">
              <lines>
                <line number="47" hits="9" branch="False" />
                <line number="48" hits="9" branch="False" />
                <line number="50" hits="18" branch="False" />
                <line number="51" hits="18" branch="False" />
                <line number="52" hits="9" branch="False" />
              </lines>
            </method>
            <method name="ConvertPletauSizeCommand" signature="(System.String)" line-rate="1" branch-rate="1">
              <lines>
                <line number="55" hits="2" branch="False" />
                <line number="56" hits="2" branch="False" />
                <line number="57" hits="2" branch="False" />
                <line number="58" hits="2" branch="False" />
                <line number="60" hits="2" branch="False" />
                <line number="62" hits="2" branch="False" />
                <line number="63" hits="2" branch="False" />
              </lines>
            </method>
            <method name="ConvertLandingCommand" signature="(System.String)" line-rate="1" branch-rate="1">
              <lines>
                <line number="66" hits="3" branch="False" />
                <line number="67" hits="3" branch="False" />
                <line number="68" hits="3" branch="False" />
                <line number="69" hits="3" branch="False" />
                <line number="70" hits="3" branch="False" />
                <line number="72" hits="3" branch="False" />
                <line number="73" hits="3" branch="False" />
                <line number="75" hits="3" branch="False" />
                <line number="76" hits="3" branch="False" />
              </lines>
            </method>
            <method name="ConvertMovementCommand" signature="(System.String)" line-rate="1" branch-rate="1">
              <lines>
                <line number="79" hits="4" branch="False" />
                <line number="80" hits="4" branch="False" />
                <line number="81" hits="14" branch="False" />
                <line number="83" hits="4" branch="False" />
                <line number="84" hits="4" branch="False" />
              </lines>
            </method>
            <method name=".ctor" signature="(MarsRover.Command.ICommandTypeInterpreter,MarsRover.Factory.ICommandFactory)" line-rate="1" branch-rate="1">
              <lines>
                <line number="19" hits="9" branch="False" />
                <line number="20" hits="9" branch="False" />
                <line number="21" hits="9" branch="False" />
                <line number="22" hits="9" branch="False" />
                <line number="24" hits="9" branch="False" />
                <line number="25" hits="9" branch="False" />
                <line number="26" hits="9" branch="False" />
                <line number="27" hits="9" branch="False" />
                <line number="28" hits="9" branch="False" />
                <line number="29" hits="9" branch="False" />
                <line number="31" hits="9" branch="False" />
                <line number="32" hits="9" branch="False" />
                <line number="33" hits="9" branch="False" />
                <line number="34" hits="9" branch="False" />
                <line number="35" hits="9" branch="False" />
                <line number="36" hits="9" branch="False" />
                <line number="37" hits="9" branch="False" />
                <line number="39" hits="9" branch="False" />
                <line number="40" hits="9" branch="False" />
                <line number="41" hits="9" branch="False" />
                <line number="42" hits="9" branch="False" />
                <line number="43" hits="9" branch="False" />
                <line number="44" hits="9" branch="False" />
                <line number="45" hits="9" branch="False" />
              </lines>
            </method>
          </methods>
          <lines>
            <line number="47" hits="9" branch="False" />
            <line number="48" hits="9" branch="False" />
            <line number="50" hits="18" branch="False" />
            <line number="51" hits="18" branch="False" />
            <line number="52" hits="9" branch="False" />
            <line number="55" hits="2" branch="False" />
            <line number="56" hits="2" branch="False" />
            <line number="57" hits="2" branch="False" />
            <line number="58" hits="2" branch="False" />
            <line number="60" hits="2" branch="False" />
            <line number="62" hits="2" branch="False" />
            <line number="63" hits="2" branch="False" />
            <line number="66" hits="3" branch="False" />
            <line number="67" hits="3" branch="False" />
            <line number="68" hits="3" branch="False" />
            <line number="69" hits="3" branch="False" />
            <line number="70" hits="3" branch="False" />
            <line number="72" hits="3" branch="False" />
            <line number="73" hits="3" branch="False" />
            <line number="75" hits="3" branch="False" />
            <line number="76" hits="3" branch="False" />
            <line number="79" hits="4" branch="False" />
            <line number="80" hits="4" branch="False" />
            <line number="81" hits="14" branch="False" />
            <line number="83" hits="4" branch="False" />
            <line number="84" hits="4" branch="False" />
            <line number="19" hits="9" branch="False" />
            <line number="20" hits="9" branch="False" />
            <line number="21" hits="9" branch="False" />
            <line number="22" hits="9" branch="False" />
            <line number="24" hits="9" branch="False" />
            <line number="25" hits="9" branch="False" />
            <line number="26" hits="9" branch="False" />
            <line number="27" hits="9" branch="False" />
            <line number="28" hits="9" branch="False" />
            <line number="29" hits="9" branch="False" />
            <line number="31" hits="9" branch="False" />
            <line number="32" hits="9" branch="False" />
            <line number="33" hits="9" branch="False" />
            <line number="34" hits="9" branch="False" />
            <line number="35" hits="9" branch="False" />
            <line number="36" hits="9" branch="False" />
            <line number="37" hits="9" branch="False" />
            <line number="39" hits="9" branch="False" />
            <line number="40" hits="9" branch="False" />
            <line number="41" hits="9" branch="False" />
            <line number="42" hits="9" branch="False" />
            <line number="43" hits="9" branch="False" />
            <line number="44" hits="9" branch="False" />
            <line number="45" hits="9" branch="False" />
          </lines>
        </class>
        <class name="MarsRover.Command.CommandTypeInterpreter" filename="Command\CommandTypeInterpreter.cs" line-rate="1" branch-rate="1" complexity="3">
          <methods>
            <method name="GetCommandType" signature="(System.String)" line-rate="1" branch-rate="1">
              <lines>
                <line number="25" hits="10" branch="False" />
                <line number="26" hits="36" branch="False" />
                <line number="28" hits="10" branch="True" condition-coverage="100% (2/2)">
                  <conditions>
                    <condition number="45" type="jump" coverage="100%" />
                  </conditions>
                </line>
                <line number="30" hits="5" branch="False" />
              </lines>
            </method>
            <method name=".ctor" signature="()" line-rate="1" branch-rate="1">
              <lines>
                <line number="14" hits="10" branch="False" />
                <line number="15" hits="10" branch="False" />
                <line number="16" hits="10" branch="False" />
                <line number="17" hits="10" branch="False" />
                <line number="18" hits="10" branch="False" />
                <line number="19" hits="10" branch="False" />
                <line number="20" hits="10" branch="False" />
                <line number="21" hits="10" branch="False" />
                <line number="22" hits="10" branch="False" />
              </lines>
            </method>
          </methods>
          <lines>
            <line number="25" hits="10" branch="False" />
            <line number="26" hits="36" branch="False" />
            <line number="28" hits="10" branch="True" condition-coverage="100% (2/2)">
              <conditions>
                <condition number="45" type="jump" coverage="100%" />
              </conditions>
            </line>
            <line number="30" hits="5" branch="False" />
            <line number="14" hits="10" branch="False" />
            <line number="15" hits="10" branch="False" />
            <line number="16" hits="10" branch="False" />
            <line number="17" hits="10" branch="False" />
            <line number="18" hits="10" branch="False" />
            <line number="19" hits="10" branch="False" />
            <line number="20" hits="10" branch="False" />
            <line number="21" hits="10" branch="False" />
            <line number="22" hits="10" branch="False" />
          </lines>
        </class>
        <class name="MarsRover.Command.LandingCommand" filename="Command\LandingCommand.cs" line-rate="0.9375" branch-rate="1" complexity="6">
          <methods>
            <method name="get_Location" signature="()" line-rate="1" branch-rate="1">
              <lines>
                <line number="11" hits="6" branch="False" />
              </lines>
            </method>
            <method name="get_Direction" signature="()" line-rate="1" branch-rate="1">
              <lines>
                <line number="12" hits="6" branch="False" />
              </lines>
            </method>
            <method name="get_CommandType" signature="()" line-rate="0" branch-rate="1">
              <lines>
                <line number="13" hits="0" branch="False" />
              </lines>
            </method>
            <method name="Execute" signature="()" line-rate="1" branch-rate="1">
              <lines>
                <line number="26" hits="1" branch="False" />
                <line number="27" hits="1" branch="False" />
                <line number="28" hits="1" branch="False" />
              </lines>
            </method>
            <method name="SetReceivers" signature="(MarsRover.Domain.IRover,MarsRover.Domain.IPlateu)" line-rate="1" branch-rate="1">
              <lines>
                <line number="31" hits="2" branch="False" />
                <line number="32" hits="2" branch="False" />
                <line number="33" hits="2" branch="False" />
                <line number="34" hits="2" branch="False" />
              </lines>
            </method>
            <method name=".ctor" signature="(MarsRover.Validator.ILocationValidator,MarsRover.Domain.Location,MarsRover.Domain.Direction)" line-rate="1" branch-rate="1">
              <lines>
                <line number="19" hits="4" branch="False" />
                <line number="20" hits="4" branch="False" />
                <line number="21" hits="4" branch="False" />
                <line number="22" hits="4" branch="False" />
                <line number="23" hits="4" branch="False" />
                <line number="24" hits="4" branch="False" />
              </lines>
            </method>
          </methods>
          <lines>
            <line number="11" hits="6" branch="False" />
            <line number="12" hits="6" branch="False" />
            <line number="13" hits="0" branch="False" />
            <line number="26" hits="1" branch="False" />
            <line number="27" hits="1" branch="False" />
            <line number="28" hits="1" branch="False" />
            <line number="31" hits="2" branch="False" />
            <line number="32" hits="2" branch="False" />
            <line number="33" hits="2" branch="False" />
            <line number="34" hits="2" branch="False" />
            <line number="19" hits="4" branch="False" />
            <line number="20" hits="4" branch="False" />
            <line number="21" hits="4" branch="False" />
            <line number="22" hits="4" branch="False" />
            <line number="23" hits="4" branch="False" />
            <line number="24" hits="4" branch="False" />
          </lines>
        </class>
        <class name="MarsRover.Command.MovementCommand" filename="Command\MovementCommand.cs" line-rate="0.9166" branch-rate="1" complexity="5">
          <methods>
            <method name="get_Movements" signature="()" line-rate="1" branch-rate="1">
              <lines>
                <line number="9" hits="6" branch="False" />
              </lines>
            </method>
            <method name="get_CommandType" signature="()" line-rate="0" branch-rate="1">
              <lines>
                <line number="10" hits="0" branch="False" />
              </lines>
            </method>
            <method name="Execute" signature="()" line-rate="1" branch-rate="1">
              <lines>
                <line number="19" hits="1" branch="False" />
                <line number="20" hits="1" branch="False" />
                <line number="21" hits="1" branch="False" />
              </lines>
            </method>
            <method name="SetReceiver" signature="(MarsRover.Domain.IRover)" line-rate="1" branch-rate="1">
              <lines>
                <line number="24" hits="2" branch="False" />
                <line number="25" hits="2" branch="False" />
                <line number="26" hits="2" branch="False" />
              </lines>
            </method>
            <method name=".ctor" signature="(System.Collections.Generic.IList`1&lt;MarsRover.Domain.Movement&gt;)" line-rate="1" branch-rate="1">
              <lines>
                <line number="13" hits="4" branch="False" />
                <line number="14" hits="4" branch="False" />
                <line number="15" hits="4" branch="False" />
                <line number="16" hits="4" branch="False" />
              </lines>
            </method>
          </methods>
          <lines>
            <line number="9" hits="6" branch="False" />
            <line number="10" hits="0" branch="False" />
            <line number="19" hits="1" branch="False" />
            <line number="20" hits="1" branch="False" />
            <line number="21" hits="1" branch="False" />
            <line number="24" hits="2" branch="False" />
            <line number="25" hits="2" branch="False" />
            <line number="26" hits="2" branch="False" />
            <line number="13" hits="4" branch="False" />
            <line number="14" hits="4" branch="False" />
            <line number="15" hits="4" branch="False" />
            <line number="16" hits="4" branch="False" />
          </lines>
        </class>
        <class name="MarsRover.Command.SetPlateuSizeCommand" filename="Command\SetPlateuSizeCommand.cs" line-rate="0.9229999999999999" branch-rate="1" complexity="6">
          <methods>
            <method name="get_Size" signature="()" line-rate="1" branch-rate="1">
              <lines>
                <line number="9" hits="8" branch="False" />
              </lines>
            </method>
            <method name="get_plateu" signature="()" line-rate="1" branch-rate="1">
              <lines>
                <line number="10" hits="3" branch="False" />
              </lines>
            </method>
            <method name="get_CommandType" signature="()" line-rate="0" branch-rate="1">
              <lines>
                <line number="12" hits="0" branch="False" />
              </lines>
            </method>
            <method name="SetReceiver" signature="(MarsRover.Domain.IPlateu)" line-rate="1" branch-rate="1">
              <lines>
                <line number="20" hits="2" branch="False" />
                <line number="21" hits="2" branch="False" />
                <line number="22" hits="2" branch="False" />
              </lines>
            </method>
            <method name="Execute" signature="()" line-rate="1" branch-rate="1">
              <lines>
                <line number="25" hits="1" branch="False" />
                <line number="26" hits="1" branch="False" />
                <line number="27" hits="1" branch="False" />
              </lines>
            </method>
            <method name=".ctor" signature="(MarsRover.Domain.Size)" line-rate="1" branch-rate="1">
              <lines>
                <line number="14" hits="5" branch="False" />
                <line number="15" hits="5" branch="False" />
                <line number="16" hits="5" branch="False" />
                <line number="17" hits="5" branch="False" />
              </lines>
            </method>
          </methods>
          <lines>
            <line number="9" hits="8" branch="False" />
            <line number="10" hits="3" branch="False" />
            <line number="12" hits="0" branch="False" />
            <line number="20" hits="2" branch="False" />
            <line number="21" hits="2" branch="False" />
            <line number="22" hits="2" branch="False" />
            <line number="25" hits="1" branch="False" />
            <line number="26" hits="1" branch="False" />
            <line number="27" hits="1" branch="False" />
            <line number="14" hits="5" branch="False" />
            <line number="15" hits="5" branch="False" />
            <line number="16" hits="5" branch="False" />
            <line number="17" hits="5" branch="False" />
          </lines>
        </class>
      </classes>
    </package>
  </packages>
</coverage>